===============  STRESS_ALL 2022-04-15 17:28:52=======================
=============  CPU Stress Check Begin  2022-04-15 17:18:22 ================
The Command Line ->>> ./tools/stress -c 71 -t 600 

stress: info: [79891] dispatching hogs: 71 cpu, 0 io, 0 vm, 0 hdd
stress: info: [79891] successful run completed in 600s

==============  CPU Stress Check End  2022-04-15 17:28:22 =================
->>>[32m CPU Check PASS [0m 

=============  MEM Stress Check Begin  2022-04-15 17:18:01 ================
The Command Line ->>> timeout 600 taskset -c 1 ./tools/memtester 5521 1

The Command Line ->>> timeout 600 taskset -c 2 ./tools/memtester 5521 1

The Command Line ->>> timeout 600 taskset -c 3 ./tools/memtester 5521 1

The Command Line ->>> timeout 600 taskset -c 4 ./tools/memtester 5521 1

The Command Line ->>> timeout 600 taskset -c 5 ./tools/memtester 5521 1

The Command Line ->>> timeout 600 taskset -c 6 ./tools/memtester 5521 1

The Command Line ->>> timeout 600 taskset -c 7 ./tools/memtester 5521 1

The Command Line ->>> timeout 600 taskset -c 8 ./tools/memtester 5521 1

The Command Line ->>> timeout 600 taskset -c 9 ./tools/memtester 5521 1

The Command Line ->>> timeout 600 taskset -c 10 ./tools/memtester 5521 1

The Command Line ->>> timeout 600 taskset -c 11 ./tools/memtester 5521 1

The Command Line ->>> timeout 600 taskset -c 12 ./tools/memtester 5521 1

The Command Line ->>> timeout 600 taskset -c 13 ./tools/memtester 5521 1

The Command Line ->>> timeout 600 taskset -c 15 ./tools/memtester 5521 1

The Command Line ->>> timeout 600 taskset -c 14 ./tools/memtester 5521 1

The Command Line ->>> timeout 600 taskset -c 16 ./tools/memtester 5521 1

The Command Line ->>> timeout 600 taskset -c 17 ./tools/memtester 5521 1

The Command Line ->>> timeout 600 taskset -c 18 ./tools/memtester 5521 1

The Command Line ->>> timeout 600 taskset -c 19 ./tools/memtester 5521 1

The Command Line ->>> timeout 600 taskset -c 20 ./tools/memtester 5521 1

The Command Line ->>> timeout 600 taskset -c 21 ./tools/memtester 5521 1

The Command Line ->>> timeout 600 taskset -c 22 ./tools/memtester 5521 1

The Command Line ->>> timeout 600 taskset -c 23 ./tools/memtester 5521 1

The Command Line ->>> timeout 600 taskset -c 24 ./tools/memtester 5521 1

The Command Line ->>> timeout 600 taskset -c 25 ./tools/memtester 5521 1

The Command Line ->>> timeout 600 taskset -c 26 ./tools/memtester 5521 1

The Command Line ->>> timeout 600 taskset -c 28 ./tools/memtester 5521 1

The Command Line ->>> timeout 600 taskset -c 27 ./tools/memtester 5521 1

The Command Line ->>> timeout 600 taskset -c 29 ./tools/memtester 5521 1

The Command Line ->>> timeout 600 taskset -c 30 ./tools/memtester 5521 1

The Command Line ->>> timeout 600 taskset -c 31 ./tools/memtester 5521 1

The Command Line ->>> timeout 600 taskset -c 32 ./tools/memtester 5521 1

The Command Line ->>> timeout 600 taskset -c 34 ./tools/memtester 5521 1

The Command Line ->>> timeout 600 taskset -c 33 ./tools/memtester 5521 1

The Command Line ->>> timeout 600 taskset -c 35 ./tools/memtester 5521 1

The Command Line ->>> timeout 600 taskset -c 36 ./tools/memtester 5521 1

The Command Line ->>> timeout 600 taskset -c 37 ./tools/memtester 5521 1

The Command Line ->>> timeout 600 taskset -c 38 ./tools/memtester 5521 1

The Command Line ->>> timeout 600 taskset -c 39 ./tools/memtester 5521 1

The Command Line ->>> timeout 600 taskset -c 40 ./tools/memtester 5521 1

The Command Line ->>> timeout 600 taskset -c 41 ./tools/memtester 5521 1

The Command Line ->>> timeout 600 taskset -c 42 ./tools/memtester 5521 1

The Command Line ->>> timeout 600 taskset -c 44 ./tools/memtester 5521 1

The Command Line ->>> timeout 600 taskset -c 43 ./tools/memtester 5521 1

The Command Line ->>> timeout 600 taskset -c 45 ./tools/memtester 5521 1

The Command Line ->>> timeout 600 taskset -c 46 ./tools/memtester 5521 1

The Command Line ->>> timeout 600 taskset -c 47 ./tools/memtester 5521 1

The Command Line ->>> timeout 600 taskset -c 48 ./tools/memtester 5521 1

The Command Line ->>> timeout 600 taskset -c 49 ./tools/memtester 5521 1

The Command Line ->>> timeout 600 taskset -c 50 ./tools/memtester 5521 1

The Command Line ->>> timeout 600 taskset -c 51 ./tools/memtester 5521 1

The Command Line ->>> timeout 600 taskset -c 52 ./tools/memtester 5521 1

The Command Line ->>> timeout 600 taskset -c 53 ./tools/memtester 5521 1

The Command Line ->>> timeout 600 taskset -c 54 ./tools/memtester 5521 1

The Command Line ->>> timeout 600 taskset -c 55 ./tools/memtester 5521 1

The Command Line ->>> timeout 600 taskset -c 56 ./tools/memtester 5521 1

The Command Line ->>> timeout 600 taskset -c 57 ./tools/memtester 5521 1

The Command Line ->>> timeout 600 taskset -c 58 ./tools/memtester 5521 1

The Command Line ->>> timeout 600 taskset -c 59 ./tools/memtester 5521 1

The Command Line ->>> timeout 600 taskset -c 60 ./tools/memtester 5521 1

The Command Line ->>> timeout 600 taskset -c 61 ./tools/memtester 5521 1

The Command Line ->>> timeout 600 taskset -c 62 ./tools/memtester 5521 1

The Command Line ->>> timeout 600 taskset -c 63 ./tools/memtester 5521 1

The Command Line ->>> timeout 600 taskset -c 64 ./tools/memtester 5521 1

The Command Line ->>> timeout 600 taskset -c 65 ./tools/memtester 5521 1

The Command Line ->>> timeout 600 taskset -c 66 ./tools/memtester 5521 1

The Command Line ->>> timeout 600 taskset -c 67 ./tools/memtester 5521 1

The Command Line ->>> timeout 600 taskset -c 69 ./tools/memtester 5521 1

The Command Line ->>> timeout 600 taskset -c 68 ./tools/memtester 5521 1

The Command Line ->>> timeout 600 taskset -c 70 ./tools/memtester 5521 1


->>NO 6 processor: 
memtester version 4.5.1 (64bit)
Copyright (C) 20012020 Charles Cazabon.
Licensed under the GNU General Public License version 2 (only).

pagesize is 4096
pagesizemask is 0xfffffffffffff000
want 5521MB (5789188096 bytes)
got  5521MB (5789188096 bytes), trying mlock ...locked.
Loop 1/1:
  Stuck Address       :ok
  Random Value        :   ok
  Compare XOR         : ok
  Compare SUB         : ok
  Compare MUL         : ok
  Compare DIV         : ok
  Compare OR          : ok
  Compare AND         : ok
  Sequential Increment: ok
  Solid Bits          :

->>NO 29 processor: 
memtester version 4.5.1 (64bit)
Copyright (C) 20012020 Charles Cazabon.
Licensed under the GNU General Public License version 2 (only).

pagesize is 4096
pagesizemask is 0xfffffffffffff000
want 5521MB (5789188096 bytes)
got  5521MB (5789188096 bytes), trying mlock ...locked.
Loop 1/1:
  Stuck Address       :ok
  Random Value        :   ok
  Compare XOR         : ok
  Compare SUB         : ok
  Compare MUL         : ok
  Compare DIV         : ok
  Compare OR          : ok
  Compare AND         : ok
  Sequential Increment: ok
  Solid Bits          :

->>NO 68 processor: 
memtester version 4.5.1 (64bit)
Copyright (C) 20012020 Charles Cazabon.
Licensed under the GNU General Public License version 2 (only).

pagesize is 4096
pagesizemask is 0xfffffffffffff000
want 5521MB (5789188096 bytes)
got  5521MB (5789188096 bytes), trying mlock ...locked.
Loop 1/1:
  Stuck Address       :ok
  Random Value        :   ok
  Compare XOR         : ok
  Compare SUB         : ok
  Compare MUL         : ok
  Compare DIV         : ok
  Compare OR          : ok
  Compare AND         : ok
  Sequential Increment: ok
  Solid Bits          :

->>NO 10 processor: 
memtester version 4.5.1 (64bit)
Copyright (C) 20012020 Charles Cazabon.
Licensed under the GNU General Public License version 2 (only).

pagesize is 4096
pagesizemask is 0xfffffffffffff000
want 5521MB (5789188096 bytes)
got  5521MB (5789188096 bytes), trying mlock ...locked.
Loop 1/1:
  Stuck Address       :ok
  Random Value        :   ok
  Compare XOR         : ok
  Compare SUB         : ok
  Compare MUL         : ok
  Compare DIV         : ok
  Compare OR          : ok
  Compare AND         : ok
  Sequential Increment: ok
  Solid Bits          :

->>NO 56 processor: 
memtester version 4.5.1 (64bit)
Copyright (C) 20012020 Charles Cazabon.
Licensed under the GNU General Public License version 2 (only).

pagesize is 4096
pagesizemask is 0xfffffffffffff000
want 5521MB (5789188096 bytes)
got  5521MB (5789188096 bytes), trying mlock ...locked.
Loop 1/1:
  Stuck Address       :ok
  Random Value        :   ok
  Compare XOR         : ok
  Compare SUB         : ok
  Compare MUL         : ok
  Compare DIV         : ok
  Compare OR          : ok
  Compare AND         : ok
  Sequential Increment: ok
  Solid Bits          :

->>NO 5 processor: 
memtester version 4.5.1 (64bit)
Copyright (C) 20012020 Charles Cazabon.
Licensed under the GNU General Public License version 2 (only).

pagesize is 4096
pagesizemask is 0xfffffffffffff000
want 5521MB (5789188096 bytes)
got  5521MB (5789188096 bytes), trying mlock ...locked.
Loop 1/1:
  Stuck Address       :ok
  Random Value        :   ok
  Compare XOR         : ok
  Compare SUB         : ok
  Compare MUL         : ok
  Compare DIV         : ok
  Compare OR          : ok
  Compare AND         : ok
  Sequential Increment: ok
  Solid Bits          :

->>NO 28 processor: 
memtester version 4.5.1 (64bit)
Copyright (C) 20012020 Charles Cazabon.
Licensed under the GNU General Public License version 2 (only).

pagesize is 4096
pagesizemask is 0xfffffffffffff000
want 5521MB (5789188096 bytes)
got  5521MB (5789188096 bytes), trying mlock ...locked.
Loop 1/1:
  Stuck Address       :ok
  Random Value        :   ok
  Compare XOR         : ok
  Compare SUB         : ok
  Compare MUL         : ok
  Compare DIV         : ok
  Compare OR          : ok
  Compare AND         : ok
  Sequential Increment: ok
  Solid Bits          :

->>NO 32 processor: 
memtester version 4.5.1 (64bit)
Copyright (C) 20012020 Charles Cazabon.
Licensed under the GNU General Public License version 2 (only).

pagesize is 4096
pagesizemask is 0xfffffffffffff000
want 5521MB (5789188096 bytes)
got  5521MB (5789188096 bytes), trying mlock ...locked.
Loop 1/1:
  Stuck Address       :ok
  Random Value        :   ok
  Compare XOR         : ok
  Compare SUB         : ok
  Compare MUL         : ok
  Compare DIV         : ok
  Compare OR          : ok
  Compare AND         : ok
  Sequential Increment: ok
  Solid Bits          :

->>NO 59 processor: 
memtester version 4.5.1 (64bit)
Copyright (C) 20012020 Charles Cazabon.
Licensed under the GNU General Public License version 2 (only).

pagesize is 4096
pagesizemask is 0xfffffffffffff000
want 5521MB (5789188096 bytes)
got  5521MB (5789188096 bytes), trying mlock ...locked.
Loop 1/1:
  Stuck Address       :ok
  Random Value        :   ok
  Compare XOR         : ok
  Compare SUB         : ok
  Compare MUL         : ok
  Compare DIV         : ok
  Compare OR          : ok
  Compare AND         : ok
  Sequential Increment: ok
  Solid Bits          :

->>NO 35 processor: 
memtester version 4.5.1 (64bit)
Copyright (C) 20012020 Charles Cazabon.
Licensed under the GNU General Public License version 2 (only).

pagesize is 4096
pagesizemask is 0xfffffffffffff000
want 5521MB (5789188096 bytes)
got  5521MB (5789188096 bytes), trying mlock ...locked.
Loop 1/1:
  Stuck Address       :ok
  Random Value        :   ok
  Compare XOR         : ok
  Compare SUB         : ok
  Compare MUL         : ok
  Compare DIV         : ok
  Compare OR          : ok
  Compare AND         : ok
  Sequential Increment: ok
  Solid Bits          :

->>NO 2 processor: 
memtester version 4.5.1 (64bit)
Copyright (C) 20012020 Charles Cazabon.
Licensed under the GNU General Public License version 2 (only).

pagesize is 4096
pagesizemask is 0xfffffffffffff000
want 5521MB (5789188096 bytes)
got  5521MB (5789188096 bytes), trying mlock ...locked.
Loop 1/1:
  Stuck Address       :ok
  Random Value        :   ok
  Compare XOR         : ok
  Compare SUB         : ok
  Compare MUL         : ok
  Compare DIV         : ok
  Compare OR          : ok
  Compare AND         : ok
  Sequential Increment: ok
  Solid Bits          :

->>NO 67 processor: 
memtester version 4.5.1 (64bit)
Copyright (C) 20012020 Charles Cazabon.
Licensed under the GNU General Public License version 2 (only).

pagesize is 4096
pagesizemask is 0xfffffffffffff000
want 5521MB (5789188096 bytes)
got  5521MB (5789188096 bytes), trying mlock ...locked.
Loop 1/1:
  Stuck Address       :ok
  Random Value        :   ok
  Compare XOR         : ok
  Compare SUB         : ok
  Compare MUL         : ok
  Compare DIV         : ok
  Compare OR          : ok
  Compare AND         : ok
  Sequential Increment: ok
  Solid Bits          :

->>NO 24 processor: 
memtester version 4.5.1 (64bit)
Copyright (C) 20012020 Charles Cazabon.
Licensed under the GNU General Public License version 2 (only).

pagesize is 4096
pagesizemask is 0xfffffffffffff000
want 5521MB (5789188096 bytes)
got  5521MB (5789188096 bytes), trying mlock ...locked.
Loop 1/1:
  Stuck Address       :ok
  Random Value        :   ok
  Compare XOR         : ok
  Compare SUB         : ok
  Compare MUL         : ok
  Compare DIV         : ok
  Compare OR          : ok
  Compare AND         : ok
  Sequential Increment: ok
  Solid Bits          :

->>NO 38 processor: 
memtester version 4.5.1 (64bit)
Copyright (C) 20012020 Charles Cazabon.
Licensed under the GNU General Public License version 2 (only).

pagesize is 4096
pagesizemask is 0xfffffffffffff000
want 5521MB (5789188096 bytes)
got  5521MB (5789188096 bytes), trying mlock ...locked.
Loop 1/1:
  Stuck Address       :ok
  Random Value        :   ok
  Compare XOR         : ok
  Compare SUB         : ok
  Compare MUL         : ok
  Compare DIV         : ok
  Compare OR          : ok
  Compare AND         : ok
  Sequential Increment: ok
  Solid Bits          :

->>NO 17 processor: 
memtester version 4.5.1 (64bit)
Copyright (C) 20012020 Charles Cazabon.
Licensed under the GNU General Public License version 2 (only).

pagesize is 4096
pagesizemask is 0xfffffffffffff000
want 5521MB (5789188096 bytes)
got  5521MB (5789188096 bytes), trying mlock ...locked.
Loop 1/1:
  Stuck Address       :ok
  Random Value        :   ok
  Compare XOR         : ok
  Compare SUB         : ok
  Compare MUL         : ok
  Compare DIV         : ok
  Compare OR          : ok
  Compare AND         : ok
  Sequential Increment: ok
  Solid Bits          :

->>NO 44 processor: 
memtester version 4.5.1 (64bit)
Copyright (C) 20012020 Charles Cazabon.
Licensed under the GNU General Public License version 2 (only).

pagesize is 4096
pagesizemask is 0xfffffffffffff000
want 5521MB (5789188096 bytes)
got  5521MB (5789188096 bytes), trying mlock ...locked.
Loop 1/1:
  Stuck Address       :ok
  Random Value        :   ok
  Compare XOR         : ok
  Compare SUB         : ok
  Compare MUL         : ok
  Compare DIV         : ok
  Compare OR          : ok
  Compare AND         : ok
  Sequential Increment: ok
  Solid Bits          :

->>NO 25 processor: 
memtester version 4.5.1 (64bit)
Copyright (C) 20012020 Charles Cazabon.
Licensed under the GNU General Public License version 2 (only).

pagesize is 4096
pagesizemask is 0xfffffffffffff000
want 5521MB (5789188096 bytes)
got  5521MB (5789188096 bytes), trying mlock ...locked.
Loop 1/1:
  Stuck Address       :ok
  Random Value        :   ok
  Compare XOR         : ok
  Compare SUB         : ok
  Compare MUL         : ok
  Compare DIV         : ok
  Compare OR          : ok
  Compare AND         : ok
  Sequential Increment: ok
  Solid Bits          :

->>NO 14 processor: 
memtester version 4.5.1 (64bit)
Copyright (C) 20012020 Charles Cazabon.
Licensed under the GNU General Public License version 2 (only).

pagesize is 4096
pagesizemask is 0xfffffffffffff000
want 5521MB (5789188096 bytes)
got  5521MB (5789188096 bytes), trying mlock ...locked.
Loop 1/1:
  Stuck Address       :ok
  Random Value        :   ok
  Compare XOR         : ok
  Compare SUB         : ok
  Compare MUL         : ok
  Compare DIV         : ok
  Compare OR          : ok
  Compare AND         : ok
  Sequential Increment: ok
  Solid Bits          :

->>NO 51 processor: 
memtester version 4.5.1 (64bit)
Copyright (C) 20012020 Charles Cazabon.
Licensed under the GNU General Public License version 2 (only).

pagesize is 4096
pagesizemask is 0xfffffffffffff000
want 5521MB (5789188096 bytes)
got  5521MB (5789188096 bytes), trying mlock ...locked.
Loop 1/1:
  Stuck Address       :ok
  Random Value        :   ok
  Compare XOR         : ok
  Compare SUB         : ok
  Compare MUL         : ok
  Compare DIV         : ok
  Compare OR          : ok
  Compare AND         : ok
  Sequential Increment: ok
  Solid Bits          :

->>NO 39 processor: 
memtester version 4.5.1 (64bit)
Copyright (C) 20012020 Charles Cazabon.
Licensed under the GNU General Public License version 2 (only).

pagesize is 4096
pagesizemask is 0xfffffffffffff000
want 5521MB (5789188096 bytes)
got  5521MB (5789188096 bytes), trying mlock ...locked.
Loop 1/1:
  Stuck Address       :ok
  Random Value        :   ok
  Compare XOR         : ok
  Compare SUB         : ok
  Compare MUL         : ok
  Compare DIV         : ok
  Compare OR          : ok
  Compare AND         : ok
  Sequential Increment: ok
  Solid Bits          :

->>NO 9 processor: 
memtester version 4.5.1 (64bit)
Copyright (C) 20012020 Charles Cazabon.
Licensed under the GNU General Public License version 2 (only).

pagesize is 4096
pagesizemask is 0xfffffffffffff000
want 5521MB (5789188096 bytes)
got  5521MB (5789188096 bytes), trying mlock ...locked.
Loop 1/1:
  Stuck Address       :ok
  Random Value        :   ok
  Compare XOR         : ok
  Compare SUB         : ok
  Compare MUL         : ok
  Compare DIV         : ok
  Compare OR          : ok
  Compare AND         : ok
  Sequential Increment: ok
  Solid Bits          :

->>NO 21 processor: 
memtester version 4.5.1 (64bit)
Copyright (C) 20012020 Charles Cazabon.
Licensed under the GNU General Public License version 2 (only).

pagesize is 4096
pagesizemask is 0xfffffffffffff000
want 5521MB (5789188096 bytes)
got  5521MB (5789188096 bytes), trying mlock ...locked.
Loop 1/1:
  Stuck Address       :ok
  Random Value        :   ok
  Compare XOR         : ok
  Compare SUB         : ok
  Compare MUL         : ok
  Compare DIV         : ok
  Compare OR          : ok
  Compare AND         : ok
  Sequential Increment: ok
  Solid Bits          :

->>NO 3 processor: 
memtester version 4.5.1 (64bit)
Copyright (C) 20012020 Charles Cazabon.
Licensed under the GNU General Public License version 2 (only).

pagesize is 4096
pagesizemask is 0xfffffffffffff000
want 5521MB (5789188096 bytes)
got  5521MB (5789188096 bytes), trying mlock ...locked.
Loop 1/1:
  Stuck Address       :ok
  Random Value        :   ok
  Compare XOR         : ok
  Compare SUB         : ok
  Compare MUL         : ok
  Compare DIV         : ok
  Compare OR          : ok
  Compare AND         : ok
  Sequential Increment: ok
  Solid Bits          :

->>NO 57 processor: 
memtester version 4.5.1 (64bit)
Copyright (C) 20012020 Charles Cazabon.
Licensed under the GNU General Public License version 2 (only).

pagesize is 4096
pagesizemask is 0xfffffffffffff000
want 5521MB (5789188096 bytes)
got  5521MB (5789188096 bytes), trying mlock ...locked.
Loop 1/1:
  Stuck Address       :ok
  Random Value        :   ok
  Compare XOR         : ok
  Compare SUB         : ok
  Compare MUL         : ok
  Compare DIV         : ok
  Compare OR          : ok
  Compare AND         : ok
  Sequential Increment: ok
  Solid Bits          :

->>NO 58 processor: 
memtester version 4.5.1 (64bit)
Copyright (C) 20012020 Charles Cazabon.
Licensed under the GNU General Public License version 2 (only).

pagesize is 4096
pagesizemask is 0xfffffffffffff000
want 5521MB (5789188096 bytes)
got  5521MB (5789188096 bytes), trying mlock ...locked.
Loop 1/1:
  Stuck Address       :ok
  Random Value        :   ok
  Compare XOR         : ok
  Compare SUB         : ok
  Compare MUL         : ok
  Compare DIV         : ok
  Compare OR          : ok
  Compare AND         : ok
  Sequential Increment: ok
  Solid Bits          :

->>NO 1 processor: 
memtester version 4.5.1 (64bit)
Copyright (C) 20012020 Charles Cazabon.
Licensed under the GNU General Public License version 2 (only).

pagesize is 4096
pagesizemask is 0xfffffffffffff000
want 5521MB (5789188096 bytes)
got  5521MB (5789188096 bytes), trying mlock ...locked.
Loop 1/1:
  Stuck Address       :ok
  Random Value        :   ok
  Compare XOR         : ok
  Compare SUB         : ok
  Compare MUL         : ok
  Compare DIV         : ok
  Compare OR          : ok
  Compare AND         : ok
  Sequential Increment: ok
  Solid Bits          :

->>NO 11 processor: 
memtester version 4.5.1 (64bit)
Copyright (C) 20012020 Charles Cazabon.
Licensed under the GNU General Public License version 2 (only).

pagesize is 4096
pagesizemask is 0xfffffffffffff000
want 5521MB (5789188096 bytes)
got  5521MB (5789188096 bytes), trying mlock ...locked.
Loop 1/1:
  Stuck Address       :ok
  Random Value        :   ok
  Compare XOR         : ok
  Compare SUB         : ok
  Compare MUL         : ok
  Compare DIV         : ok
  Compare OR          : ok
  Compare AND         : ok
  Sequential Increment: ok
  Solid Bits          :

->>NO 23 processor: 
memtester version 4.5.1 (64bit)
Copyright (C) 20012020 Charles Cazabon.
Licensed under the GNU General Public License version 2 (only).

pagesize is 4096
pagesizemask is 0xfffffffffffff000
want 5521MB (5789188096 bytes)
got  5521MB (5789188096 bytes), trying mlock ...locked.
Loop 1/1:
  Stuck Address       :ok
  Random Value        :   ok
  Compare XOR         : ok
  Compare SUB         : ok
  Compare MUL         : ok
  Compare DIV         : ok
  Compare OR          : ok
  Compare AND         : ok
  Sequential Increment: ok
  Solid Bits          :

->>NO 69 processor: 
memtester version 4.5.1 (64bit)
Copyright (C) 20012020 Charles Cazabon.
Licensed under the GNU General Public License version 2 (only).

pagesize is 4096
pagesizemask is 0xfffffffffffff000
want 5521MB (5789188096 bytes)
got  5521MB (5789188096 bytes), trying mlock ...locked.
Loop 1/1:
  Stuck Address       :ok
  Random Value        :   ok
  Compare XOR         : ok
  Compare SUB         : ok
  Compare MUL         : ok
  Compare DIV         : ok
  Compare OR          : ok
  Compare AND         : ok
  Sequential Increment: ok
  Solid Bits          :

->>NO 47 processor: 
memtester version 4.5.1 (64bit)
Copyright (C) 20012020 Charles Cazabon.
Licensed under the GNU General Public License version 2 (only).

pagesize is 4096
pagesizemask is 0xfffffffffffff000
want 5521MB (5789188096 bytes)
got  5521MB (5789188096 bytes), trying mlock ...locked.
Loop 1/1:
  Stuck Address       :ok
  Random Value        :   ok
  Compare XOR         : ok
  Compare SUB         : ok
  Compare MUL         : ok
  Compare DIV         : ok
  Compare OR          : ok
  Compare AND         : ok
  Sequential Increment: ok
  Solid Bits          :

->>NO 64 processor: 
memtester version 4.5.1 (64bit)
Copyright (C) 20012020 Charles Cazabon.
Licensed under the GNU General Public License version 2 (only).

pagesize is 4096
pagesizemask is 0xfffffffffffff000
want 5521MB (5789188096 bytes)
got  5521MB (5789188096 bytes), trying mlock ...locked.
Loop 1/1:
  Stuck Address       :ok
  Random Value        :   ok
  Compare XOR         : ok
  Compare SUB         : ok
  Compare MUL         : ok
  Compare DIV         : ok
  Compare OR          : ok
  Compare AND         : ok
  Sequential Increment: ok
  Solid Bits          :

->>NO 33 processor: 
memtester version 4.5.1 (64bit)
Copyright (C) 20012020 Charles Cazabon.
Licensed under the GNU General Public License version 2 (only).

pagesize is 4096
pagesizemask is 0xfffffffffffff000
want 5521MB (5789188096 bytes)
got  5521MB (5789188096 bytes), trying mlock ...locked.
Loop 1/1:
  Stuck Address       :ok
  Random Value        :   ok
  Compare XOR         : ok
  Compare SUB         : ok
  Compare MUL         : ok
  Compare DIV         : ok
  Compare OR          : ok
  Compare AND         : ok
  Sequential Increment: ok
  Solid Bits          :

->>NO 50 processor: 
memtester version 4.5.1 (64bit)
Copyright (C) 20012020 Charles Cazabon.
Licensed under the GNU General Public License version 2 (only).

pagesize is 4096
pagesizemask is 0xfffffffffffff000
want 5521MB (5789188096 bytes)
got  5521MB (5789188096 bytes), trying mlock ...locked.
Loop 1/1:
  Stuck Address       :ok
  Random Value        :   ok
  Compare XOR         : ok
  Compare SUB         : ok
  Compare MUL         : ok
  Compare DIV         : ok
  Compare OR          : ok
  Compare AND         : ok
  Sequential Increment: ok
  Solid Bits          :

->>NO 22 processor: 
memtester version 4.5.1 (64bit)
Copyright (C) 20012020 Charles Cazabon.
Licensed under the GNU General Public License version 2 (only).

pagesize is 4096
pagesizemask is 0xfffffffffffff000
want 5521MB (5789188096 bytes)
got  5521MB (5789188096 bytes), trying mlock ...locked.
Loop 1/1:
  Stuck Address       :ok
  Random Value        :   ok
  Compare XOR         : ok
  Compare SUB         : ok
  Compare MUL         : ok
  Compare DIV         : ok
  Compare OR          : ok
  Compare AND         : ok
  Sequential Increment: ok
  Solid Bits          :

->>NO 26 processor: 
memtester version 4.5.1 (64bit)
Copyright (C) 20012020 Charles Cazabon.
Licensed under the GNU General Public License version 2 (only).

pagesize is 4096
pagesizemask is 0xfffffffffffff000
want 5521MB (5789188096 bytes)
got  5521MB (5789188096 bytes), trying mlock ...locked.
Loop 1/1:
  Stuck Address       :ok
  Random Value        :   ok
  Compare XOR         : ok
  Compare SUB         : ok
  Compare MUL         : ok
  Compare DIV         : ok
  Compare OR          : ok
  Compare AND         : ok
  Sequential Increment: ok
  Solid Bits          :

->>NO 42 processor: 
memtester version 4.5.1 (64bit)
Copyright (C) 20012020 Charles Cazabon.
Licensed under the GNU General Public License version 2 (only).

pagesize is 4096
pagesizemask is 0xfffffffffffff000
want 5521MB (5789188096 bytes)
got  5521MB (5789188096 bytes), trying mlock ...locked.
Loop 1/1:
  Stuck Address       :ok
  Random Value        :   ok
  Compare XOR         : ok
  Compare SUB         : ok
  Compare MUL         : ok
  Compare DIV         : ok
  Compare OR          : ok
  Compare AND         : ok
  Sequential Increment: ok
  Solid Bits          :

->>NO 12 processor: 
memtester version 4.5.1 (64bit)
Copyright (C) 20012020 Charles Cazabon.
Licensed under the GNU General Public License version 2 (only).

pagesize is 4096
pagesizemask is 0xfffffffffffff000
want 5521MB (5789188096 bytes)
got  5521MB (5789188096 bytes), trying mlock ...locked.
Loop 1/1:
  Stuck Address       :ok
  Random Value        :   ok
  Compare XOR         : ok
  Compare SUB         : ok
  Compare MUL         : ok
  Compare DIV         : ok
  Compare OR          : ok
  Compare AND         : ok
  Sequential Increment: ok
  Solid Bits          :

->>NO 19 processor: 
memtester version 4.5.1 (64bit)
Copyright (C) 20012020 Charles Cazabon.
Licensed under the GNU General Public License version 2 (only).

pagesize is 4096
pagesizemask is 0xfffffffffffff000
want 5521MB (5789188096 bytes)
got  5521MB (5789188096 bytes), trying mlock ...locked.
Loop 1/1:
  Stuck Address       :ok
  Random Value        :   ok
  Compare XOR         : ok
  Compare SUB         : ok
  Compare MUL         : ok
  Compare DIV         : ok
  Compare OR          : ok
  Compare AND         : ok
  Sequential Increment: ok
  Solid Bits          :

->>NO 36 processor: 
memtester version 4.5.1 (64bit)
Copyright (C) 20012020 Charles Cazabon.
Licensed under the GNU General Public License version 2 (only).

pagesize is 4096
pagesizemask is 0xfffffffffffff000
want 5521MB (5789188096 bytes)
got  5521MB (5789188096 bytes), trying mlock ...locked.
Loop 1/1:
  Stuck Address       :ok
  Random Value        :   ok
  Compare XOR         : ok
  Compare SUB         : ok
  Compare MUL         : ok
  Compare DIV         : ok
  Compare OR          : ok
  Compare AND         : ok
  Sequential Increment: ok
  Solid Bits          :

->>NO 63 processor: 
memtester version 4.5.1 (64bit)
Copyright (C) 20012020 Charles Cazabon.
Licensed under the GNU General Public License version 2 (only).

pagesize is 4096
pagesizemask is 0xfffffffffffff000
want 5521MB (5789188096 bytes)
got  5521MB (5789188096 bytes), trying mlock ...locked.
Loop 1/1:
  Stuck Address       :ok
  Random Value        :   ok
  Compare XOR         : ok
  Compare SUB         : ok
  Compare MUL         : ok
  Compare DIV         : ok
  Compare OR          : ok
  Compare AND         : ok
  Sequential Increment: ok
  Solid Bits          :

->>NO 45 processor: 
memtester version 4.5.1 (64bit)
Copyright (C) 20012020 Charles Cazabon.
Licensed under the GNU General Public License version 2 (only).

pagesize is 4096
pagesizemask is 0xfffffffffffff000
want 5521MB (5789188096 bytes)
got  5521MB (5789188096 bytes), trying mlock ...locked.
Loop 1/1:
  Stuck Address       :ok
  Random Value        :   ok
  Compare XOR         : ok
  Compare SUB         : ok
  Compare MUL         : ok
  Compare DIV         : ok
  Compare OR          : ok
  Compare AND         : ok
  Sequential Increment: ok
  Solid Bits          :

->>NO 48 processor: 
memtester version 4.5.1 (64bit)
Copyright (C) 20012020 Charles Cazabon.
Licensed under the GNU General Public License version 2 (only).

pagesize is 4096
pagesizemask is 0xfffffffffffff000
want 5521MB (5789188096 bytes)
got  5521MB (5789188096 bytes), trying mlock ...locked.
Loop 1/1:
  Stuck Address       :ok
  Random Value        :   ok
  Compare XOR         : ok
  Compare SUB         : ok
  Compare MUL         : ok
  Compare DIV         : ok
  Compare OR          : ok
  Compare AND         : ok
  Sequential Increment: ok
  Solid Bits          :

->>NO 46 processor: 
memtester version 4.5.1 (64bit)
Copyright (C) 20012020 Charles Cazabon.
Licensed under the GNU General Public License version 2 (only).

pagesize is 4096
pagesizemask is 0xfffffffffffff000
want 5521MB (5789188096 bytes)
got  5521MB (5789188096 bytes), trying mlock ...locked.
Loop 1/1:
  Stuck Address       :ok
  Random Value        :   ok
  Compare XOR         : ok
  Compare SUB         : ok
  Compare MUL         : ok
  Compare DIV         : ok
  Compare OR          : ok
  Compare AND         : ok
  Sequential Increment: ok
  Solid Bits          :

->>NO 55 processor: 
memtester version 4.5.1 (64bit)
Copyright (C) 20012020 Charles Cazabon.
Licensed under the GNU General Public License version 2 (only).

pagesize is 4096
pagesizemask is 0xfffffffffffff000
want 5521MB (5789188096 bytes)
got  5521MB (5789188096 bytes), trying mlock ...locked.
Loop 1/1:
  Stuck Address       :ok
  Random Value        :   ok
  Compare XOR         : ok
  Compare SUB         : ok
  Compare MUL         : ok
  Compare DIV         : ok
  Compare OR          : ok
  Compare AND         : ok
  Sequential Increment: ok
  Solid Bits          :

->>NO 66 processor: 
memtester version 4.5.1 (64bit)
Copyright (C) 20012020 Charles Cazabon.
Licensed under the GNU General Public License version 2 (only).

pagesize is 4096
pagesizemask is 0xfffffffffffff000
want 5521MB (5789188096 bytes)
got  5521MB (5789188096 bytes), trying mlock ...locked.
Loop 1/1:
  Stuck Address       :ok
  Random Value        :   ok
  Compare XOR         : ok
  Compare SUB         : ok
  Compare MUL         : ok
  Compare DIV         : ok
  Compare OR          : ok
  Compare AND         : ok
  Sequential Increment: ok
  Solid Bits          :

->>NO 20 processor: 
memtester version 4.5.1 (64bit)
Copyright (C) 20012020 Charles Cazabon.
Licensed under the GNU General Public License version 2 (only).

pagesize is 4096
pagesizemask is 0xfffffffffffff000
want 5521MB (5789188096 bytes)
got  5521MB (5789188096 bytes), trying mlock ...locked.
Loop 1/1:
  Stuck Address       :ok
  Random Value        :   ok
  Compare XOR         : ok
  Compare SUB         : ok
  Compare MUL         : ok
  Compare DIV         : ok
  Compare OR          : ok
  Compare AND         : ok
  Sequential Increment: ok
  Solid Bits          :

->>NO 8 processor: 
memtester version 4.5.1 (64bit)
Copyright (C) 20012020 Charles Cazabon.
Licensed under the GNU General Public License version 2 (only).

pagesize is 4096
pagesizemask is 0xfffffffffffff000
want 5521MB (5789188096 bytes)
got  5521MB (5789188096 bytes), trying mlock ...locked.
Loop 1/1:
  Stuck Address       :ok
  Random Value        :   ok
  Compare XOR         : ok
  Compare SUB         : ok
  Compare MUL         : ok
  Compare DIV         : ok
  Compare OR          : ok
  Compare AND         : ok
  Sequential Increment: ok
  Solid Bits          :

->>NO 49 processor: 
memtester version 4.5.1 (64bit)
Copyright (C) 20012020 Charles Cazabon.
Licensed under the GNU General Public License version 2 (only).

pagesize is 4096
pagesizemask is 0xfffffffffffff000
want 5521MB (5789188096 bytes)
got  5521MB (5789188096 bytes), trying mlock ...locked.
Loop 1/1:
  Stuck Address       :ok
  Random Value        :   ok
  Compare XOR         : ok
  Compare SUB         : ok
  Compare MUL         : ok
  Compare DIV         : ok
  Compare OR          : ok
  Compare AND         : ok
  Sequential Increment: ok
  Solid Bits          :

->>NO 62 processor: 
memtester version 4.5.1 (64bit)
Copyright (C) 20012020 Charles Cazabon.
Licensed under the GNU General Public License version 2 (only).

pagesize is 4096
pagesizemask is 0xfffffffffffff000
want 5521MB (5789188096 bytes)
got  5521MB (5789188096 bytes), trying mlock ...locked.
Loop 1/1:
  Stuck Address       :ok
  Random Value        :   ok
  Compare XOR         : ok
  Compare SUB         : ok
  Compare MUL         : ok
  Compare DIV         : ok
  Compare OR          : ok
  Compare AND         : ok
  Sequential Increment: ok
  Solid Bits          :

->>NO 13 processor: 
memtester version 4.5.1 (64bit)
Copyright (C) 20012020 Charles Cazabon.
Licensed under the GNU General Public License version 2 (only).

pagesize is 4096
pagesizemask is 0xfffffffffffff000
want 5521MB (5789188096 bytes)
got  5521MB (5789188096 bytes), trying mlock ...locked.
Loop 1/1:
  Stuck Address       :ok
  Random Value        :   ok
  Compare XOR         : ok
  Compare SUB         : ok
  Compare MUL         : ok
  Compare DIV         : ok
  Compare OR          : ok
  Compare AND         : ok
  Sequential Increment: ok
  Solid Bits          :

->>NO 34 processor: 
memtester version 4.5.1 (64bit)
Copyright (C) 20012020 Charles Cazabon.
Licensed under the GNU General Public License version 2 (only).

pagesize is 4096
pagesizemask is 0xfffffffffffff000
want 5521MB (5789188096 bytes)
got  5521MB (5789188096 bytes), trying mlock ...locked.
Loop 1/1:
  Stuck Address       :ok
  Random Value        :   ok
  Compare XOR         : ok
  Compare SUB         : ok
  Compare MUL         : ok
  Compare DIV         : ok
  Compare OR          : ok
  Compare AND         : ok
  Sequential Increment: ok
  Solid Bits          :

->>NO 30 processor: 
memtester version 4.5.1 (64bit)
Copyright (C) 20012020 Charles Cazabon.
Licensed under the GNU General Public License version 2 (only).

pagesize is 4096
pagesizemask is 0xfffffffffffff000
want 5521MB (5789188096 bytes)
got  5521MB (5789188096 bytes), trying mlock ...locked.
Loop 1/1:
  Stuck Address       :ok
  Random Value        :   ok
  Compare XOR         : ok
  Compare SUB         : ok
  Compare MUL         : ok
  Compare DIV         : ok
  Compare OR          : ok
  Compare AND         : ok
  Sequential Increment: ok
  Solid Bits          :

->>NO 18 processor: 
memtester version 4.5.1 (64bit)
Copyright (C) 20012020 Charles Cazabon.
Licensed under the GNU General Public License version 2 (only).

pagesize is 4096
pagesizemask is 0xfffffffffffff000
want 5521MB (5789188096 bytes)
got  5521MB (5789188096 bytes), trying mlock ...locked.
Loop 1/1:
  Stuck Address       :ok
  Random Value        :   ok
  Compare XOR         : ok
  Compare SUB         : ok
  Compare MUL         : ok
  Compare DIV         : ok
  Compare OR          : ok
  Compare AND         : ok
  Sequential Increment: ok
  Solid Bits          :

->>NO 31 processor: 
memtester version 4.5.1 (64bit)
Copyright (C) 20012020 Charles Cazabon.
Licensed under the GNU General Public License version 2 (only).

pagesize is 4096
pagesizemask is 0xfffffffffffff000
want 5521MB (5789188096 bytes)
got  5521MB (5789188096 bytes), trying mlock ...locked.
Loop 1/1:
  Stuck Address       :ok
  Random Value        :   ok
  Compare XOR         : ok
  Compare SUB         : ok
  Compare MUL         : ok
  Compare DIV         : ok
  Compare OR          : ok
  Compare AND         : ok
  Sequential Increment: ok
  Solid Bits          :

->>NO 27 processor: 
memtester version 4.5.1 (64bit)
Copyright (C) 20012020 Charles Cazabon.
Licensed under the GNU General Public License version 2 (only).

pagesize is 4096
pagesizemask is 0xfffffffffffff000
want 5521MB (5789188096 bytes)
got  5521MB (5789188096 bytes), trying mlock ...locked.
Loop 1/1:
  Stuck Address       :ok
  Random Value        :   ok
  Compare XOR         : ok
  Compare SUB         : ok
  Compare MUL         : ok
  Compare DIV         : ok
  Compare OR          : ok
  Compare AND         : ok
  Sequential Increment: ok
  Solid Bits          :

->>NO 40 processor: 
memtester version 4.5.1 (64bit)
Copyright (C) 20012020 Charles Cazabon.
Licensed under the GNU General Public License version 2 (only).

pagesize is 4096
pagesizemask is 0xfffffffffffff000
want 5521MB (5789188096 bytes)
got  5521MB (5789188096 bytes), trying mlock ...locked.
Loop 1/1:
  Stuck Address       :ok
  Random Value        :   ok
  Compare XOR         : ok
  Compare SUB         : ok
  Compare MUL         : ok
  Compare DIV         : ok
  Compare OR          : ok
  Compare AND         : ok
  Sequential Increment: ok
  Solid Bits          :

->>NO 15 processor: 
memtester version 4.5.1 (64bit)
Copyright (C) 20012020 Charles Cazabon.
Licensed under the GNU General Public License version 2 (only).

pagesize is 4096
pagesizemask is 0xfffffffffffff000
want 5521MB (5789188096 bytes)
got  5521MB (5789188096 bytes), trying mlock ...locked.
Loop 1/1:
  Stuck Address       :ok
  Random Value        :   ok
  Compare XOR         : ok
  Compare SUB         : ok
  Compare MUL         : ok
  Compare DIV         : ok
  Compare OR          : ok
  Compare AND         : ok
  Sequential Increment: ok
  Solid Bits          :

->>NO 7 processor: 
memtester version 4.5.1 (64bit)
Copyright (C) 20012020 Charles Cazabon.
Licensed under the GNU General Public License version 2 (only).

pagesize is 4096
pagesizemask is 0xfffffffffffff000
want 5521MB (5789188096 bytes)
got  5521MB (5789188096 bytes), trying mlock ...locked.
Loop 1/1:
  Stuck Address       :ok
  Random Value        :   ok
  Compare XOR         : ok
  Compare SUB         : ok
  Compare MUL         : ok
  Compare DIV         : ok
  Compare OR          : ok
  Compare AND         : ok
  Sequential Increment: ok
  Solid Bits          :

->>NO 37 processor: 
memtester version 4.5.1 (64bit)
Copyright (C) 20012020 Charles Cazabon.
Licensed under the GNU General Public License version 2 (only).

pagesize is 4096
pagesizemask is 0xfffffffffffff000
want 5521MB (5789188096 bytes)
got  5521MB (5789188096 bytes), trying mlock ...locked.
Loop 1/1:
  Stuck Address       :ok
  Random Value        :   ok
  Compare XOR         : ok
  Compare SUB         : ok
  Compare MUL         : ok
  Compare DIV         : ok
  Compare OR          : ok
  Compare AND         : ok
  Sequential Increment: ok
  Solid Bits          :

->>NO 53 processor: 
memtester version 4.5.1 (64bit)
Copyright (C) 20012020 Charles Cazabon.
Licensed under the GNU General Public License version 2 (only).

pagesize is 4096
pagesizemask is 0xfffffffffffff000
want 5521MB (5789188096 bytes)
got  5521MB (5789188096 bytes), trying mlock ...locked.
Loop 1/1:
  Stuck Address       :ok
  Random Value        :   ok
  Compare XOR         : ok
  Compare SUB         : ok
  Compare MUL         : ok
  Compare DIV         : ok
  Compare OR          : ok
  Compare AND         : ok
  Sequential Increment: ok
  Solid Bits          :

->>NO 52 processor: 
memtester version 4.5.1 (64bit)
Copyright (C) 20012020 Charles Cazabon.
Licensed under the GNU General Public License version 2 (only).

pagesize is 4096
pagesizemask is 0xfffffffffffff000
want 5521MB (5789188096 bytes)
got  5521MB (5789188096 bytes), trying mlock ...locked.
Loop 1/1:
  Stuck Address       :ok
  Random Value        :   ok
  Compare XOR         : ok
  Compare SUB         : ok
  Compare MUL         : ok
  Compare DIV         : ok
  Compare OR          : ok
  Compare AND         : ok
  Sequential Increment: ok
  Solid Bits          :

->>NO 16 processor: 
memtester version 4.5.1 (64bit)
Copyright (C) 20012020 Charles Cazabon.
Licensed under the GNU General Public License version 2 (only).

pagesize is 4096
pagesizemask is 0xfffffffffffff000
want 5521MB (5789188096 bytes)
got  5521MB (5789188096 bytes), trying mlock ...locked.
Loop 1/1:
  Stuck Address       :ok
  Random Value        :   ok
  Compare XOR         : ok
  Compare SUB         : ok
  Compare MUL         : ok
  Compare DIV         : ok
  Compare OR          : ok
  Compare AND         : ok
  Sequential Increment: ok
  Solid Bits          :

->>NO 60 processor: 
memtester version 4.5.1 (64bit)
Copyright (C) 20012020 Charles Cazabon.
Licensed under the GNU General Public License version 2 (only).

pagesize is 4096
pagesizemask is 0xfffffffffffff000
want 5521MB (5789188096 bytes)
got  5521MB (5789188096 bytes), trying mlock ...locked.
Loop 1/1:
  Stuck Address       :ok
  Random Value        :   ok
  Compare XOR         : ok
  Compare SUB         : ok
  Compare MUL         : ok
  Compare DIV         : ok
  Compare OR          : ok
  Compare AND         : ok
  Sequential Increment: ok
  Solid Bits          :

->>NO 61 processor: 
memtester version 4.5.1 (64bit)
Copyright (C) 20012020 Charles Cazabon.
Licensed under the GNU General Public License version 2 (only).

pagesize is 4096
pagesizemask is 0xfffffffffffff000
want 5521MB (5789188096 bytes)
got  5521MB (5789188096 bytes), trying mlock ...locked.
Loop 1/1:
  Stuck Address       :ok
  Random Value        :   ok
  Compare XOR         : ok
  Compare SUB         : ok
  Compare MUL         : ok
  Compare DIV         : ok
  Compare OR          : ok
  Compare AND         : ok
  Sequential Increment: ok
  Solid Bits          :

->>NO 4 processor: 
memtester version 4.5.1 (64bit)
Copyright (C) 20012020 Charles Cazabon.
Licensed under the GNU General Public License version 2 (only).

pagesize is 4096
pagesizemask is 0xfffffffffffff000
want 5521MB (5789188096 bytes)
got  5521MB (5789188096 bytes), trying mlock ...locked.
Loop 1/1:
  Stuck Address       :ok
  Random Value        :   ok
  Compare XOR         : ok
  Compare SUB         : ok
  Compare MUL         : ok
  Compare DIV         : ok
  Compare OR          : ok
  Compare AND         : ok
  Sequential Increment: ok
  Solid Bits          :

->>NO 70 processor: 
memtester version 4.5.1 (64bit)
Copyright (C) 20012020 Charles Cazabon.
Licensed under the GNU General Public License version 2 (only).

pagesize is 4096
pagesizemask is 0xfffffffffffff000
want 5521MB (5789188096 bytes)
got  5521MB (5789188096 bytes), trying mlock ...locked.
Loop 1/1:
  Stuck Address       :ok
  Random Value        :   ok
  Compare XOR         : ok
  Compare SUB         : ok
  Compare MUL         : ok
  Compare DIV         : ok
  Compare OR          : ok
  Compare AND         : ok
  Sequential Increment: ok
  Solid Bits          :

->>NO 54 processor: 
memtester version 4.5.1 (64bit)
Copyright (C) 20012020 Charles Cazabon.
Licensed under the GNU General Public License version 2 (only).

pagesize is 4096
pagesizemask is 0xfffffffffffff000
want 5521MB (5789188096 bytes)
got  5521MB (5789188096 bytes), trying mlock ...locked.
Loop 1/1:
  Stuck Address       :ok
  Random Value        :   ok
  Compare XOR         : ok
  Compare SUB         : ok
  Compare MUL         : ok
  Compare DIV         : ok
  Compare OR          : ok
  Compare AND         : ok
  Sequential Increment: ok
  Solid Bits          :

->>NO 65 processor: 
memtester version 4.5.1 (64bit)
Copyright (C) 20012020 Charles Cazabon.
Licensed under the GNU General Public License version 2 (only).

pagesize is 4096
pagesizemask is 0xfffffffffffff000
want 5521MB (5789188096 bytes)
got  5521MB (5789188096 bytes), trying mlock ...locked.
Loop 1/1:
  Stuck Address       :ok
  Random Value        :   ok
  Compare XOR         : ok
  Compare SUB         : ok
  Compare MUL         : ok
  Compare DIV         : ok
  Compare OR          : ok
  Compare AND         : ok
  Sequential Increment: ok
  Solid Bits          :

->>NO 43 processor: 
memtester version 4.5.1 (64bit)
Copyright (C) 20012020 Charles Cazabon.
Licensed under the GNU General Public License version 2 (only).

pagesize is 4096
pagesizemask is 0xfffffffffffff000
want 5521MB (5789188096 bytes)
got  5521MB (5789188096 bytes), trying mlock ...locked.
Loop 1/1:
  Stuck Address       :ok
  Random Value        :   ok
  Compare XOR         : ok
  Compare SUB         : ok
  Compare MUL         : ok
  Compare DIV         : ok
  Compare OR          : ok
  Compare AND         : ok
  Sequential Increment: ok
  Solid Bits          :

->>NO 41 processor: 
memtester version 4.5.1 (64bit)
Copyright (C) 20012020 Charles Cazabon.
Licensed under the GNU General Public License version 2 (only).

pagesize is 4096
pagesizemask is 0xfffffffffffff000
want 5521MB (5789188096 bytes)
got  5521MB (5789188096 bytes), trying mlock ...locked.
Loop 1/1:
  Stuck Address       :ok
  Random Value        :   ok
  Compare XOR         : ok
  Compare SUB         : ok
  Compare MUL         : ok
  Compare DIV         : ok
  Compare OR          : ok
  Compare AND         : ok
  Sequential Increment: ok
  Solid Bits          :

==============  MEM Stress Check End  2022-04-15 17:28:04 =================
->>>[32m MEM Check PASS [0m 

=========== Disks Read and Write Check  2022-04-15 17:16:31 ===============

->>> No Raid
->>> System Disk is : sda
->>> Tatol Non-system Disks: 4
->>> Non-system Disks is : 
['/dev/sdb', '/dev/sdc', '/dev/sdd', '/dev/sde']
========= Data Disk NO.0 Read And Write Begin  2022-04-15 17:16:31 ==========
The Command Line ->>> ./tools/fio -filename=/dev/sdb -direct=1 -iodepth 1 -thread -rw=randrw -ioengine=psync -bs=16k -size=1G -numjobs=10 -runtime=600 -group_reporting -time_based -name=mytest_0

mytest_0: (g=0): rw=randrw, bs=(R) 16.0KiB-16.0KiB, (W) 16.0KiB-16.0KiB, (T) 16.0KiB-16.0KiB, ioengine=psync, iodepth=1
...
fio-3.20
Starting 10 threads

mytest_0: (groupid=0, jobs=10): err= 0: pid=79198: Fri Apr 15 17:26:32 2022
  read: IOPS=13.2k, BW=207MiB/s (217MB/s)(121GiB/600001msec)
    clat (usec): min=87, max=18210, avg=506.92, stdev=135.77
     lat (usec): min=88, max=18210, avg=507.14, stdev=135.78
    clat percentiles (usec):
     |  1.00th=[  302],  5.00th=[  347], 10.00th=[  371], 20.00th=[  408],
     | 30.00th=[  437], 40.00th=[  457], 50.00th=[  482], 60.00th=[  506],
     | 70.00th=[  537], 80.00th=[  594], 90.00th=[  685], 95.00th=[  758],
     | 99.00th=[  889], 99.50th=[  947], 99.90th=[ 1139], 99.95th=[ 1926],
     | 99.99th=[ 2704]
   bw (  KiB/s): min=177818, max=228465, per=100.00%, avg=211877.28, stdev=587.62, samples=11980
   iops        : min=11113, max=14279, avg=13241.89, stdev=36.73, samples=11980
  write: IOPS=13.2k, BW=207MiB/s (217MB/s)(121GiB/600001msec); 0 zone resets
    clat (usec): min=56, max=14670, avg=240.80, stdev=81.25
     lat (usec): min=57, max=14674, avg=243.10, stdev=81.39
    clat percentiles (usec):
     |  1.00th=[   71],  5.00th=[  102], 10.00th=[  133], 20.00th=[  174],
     | 30.00th=[  204], 40.00th=[  229], 50.00th=[  249], 60.00th=[  269],
     | 70.00th=[  289], 80.00th=[  310], 90.00th=[  330], 95.00th=[  347],
     | 99.00th=[  371], 99.50th=[  392], 99.90th=[  627], 99.95th=[  799],
     | 99.99th=[ 1434]
   bw (  KiB/s): min=176369, max=242063, per=100.00%, avg=211881.99, stdev=900.14, samples=11980
   iops        : min=11021, max=15128, avg=13242.19, stdev=56.27, samples=11980
  lat (usec)   : 100=2.35%, 250=22.88%, 500=53.41%, 750=18.60%, 1000=2.62%
  lat (msec)   : 2=0.11%, 4=0.02%, 10=0.01%, 20=0.01%
  cpu          : usr=1.92%, sys=5.12%, ctx=15878196, majf=0, minf=4425
  IO depths    : 1=100.0%, 2=0.0%, 4=0.0%, 8=0.0%, 16=0.0%, 32=0.0%, >=64=0.0%
     submit    : 0=0.0%, 4=100.0%, 8=0.0%, 16=0.0%, 32=0.0%, 64=0.0%, >=64=0.0%
     complete  : 0=0.0%, 4=100.0%, 8=0.0%, 16=0.0%, 32=0.0%, 64=0.0%, >=64=0.0%
     issued rwts: total=7937638,7937915,0,0 short=0,0,0,0 dropped=0,0,0,0
     latency   : target=0, window=0, percentile=100.00%, depth=1

Run status group 0 (all jobs):
   READ: bw=207MiB/s (217MB/s), 207MiB/s-207MiB/s (217MB/s-217MB/s), io=121GiB (130GB), run=600001-600001msec
  WRITE: bw=207MiB/s (217MB/s), 207MiB/s-207MiB/s (217MB/s-217MB/s), io=121GiB (130GB), run=600001-600001msec

Disk stats (read/write):
  sdb: ios=7936197/7936435, merge=0/0, ticks=3888410/1789262, in_queue=5686364, util=100.00%
================== Data disk NO.0 End ====================


========= Data Disk NO.1 Read And Write Begin  2022-04-15 17:16:31 ==========
The Command Line ->>> ./tools/fio -filename=/dev/sdc -direct=1 -iodepth 1 -thread -rw=randrw -ioengine=psync -bs=16k -size=1G -numjobs=10 -runtime=600 -group_reporting -time_based -name=mytest_1

mytest_1: (g=0): rw=randrw, bs=(R) 16.0KiB-16.0KiB, (W) 16.0KiB-16.0KiB, (T) 16.0KiB-16.0KiB, ioengine=psync, iodepth=1
...
fio-3.20
Starting 10 threads

mytest_1: (groupid=0, jobs=10): err= 0: pid=79197: Fri Apr 15 17:26:32 2022
  read: IOPS=13.2k, BW=206MiB/s (216MB/s)(121GiB/600001msec)
    clat (usec): min=90, max=31344, avg=506.47, stdev=138.71
     lat (usec): min=90, max=31344, avg=506.71, stdev=138.72
    clat percentiles (usec):
     |  1.00th=[  306],  5.00th=[  347], 10.00th=[  371], 20.00th=[  408],
     | 30.00th=[  437], 40.00th=[  457], 50.00th=[  482], 60.00th=[  506],
     | 70.00th=[  537], 80.00th=[  594], 90.00th=[  676], 95.00th=[  758],
     | 99.00th=[  889], 99.50th=[  930], 99.90th=[ 1090], 99.95th=[ 1876],
     | 99.99th=[ 2737]
   bw (  KiB/s): min=155415, max=232420, per=100.00%, avg=211608.02, stdev=633.46, samples=11980
   iops        : min= 9712, max=14526, avg=13224.46, stdev=39.62, samples=11980
  write: IOPS=13.2k, BW=206MiB/s (216MB/s)(121GiB/600001msec); 0 zone resets
    clat (usec): min=55, max=19695, avg=241.88, stdev=85.12
     lat (usec): min=55, max=19722, avg=243.91, stdev=85.54
    clat percentiles (usec):
     |  1.00th=[   73],  5.00th=[  105], 10.00th=[  135], 20.00th=[  176],
     | 30.00th=[  206], 40.00th=[  229], 50.00th=[  251], 60.00th=[  269],
     | 70.00th=[  289], 80.00th=[  310], 90.00th=[  330], 95.00th=[  347],
     | 99.00th=[  375], 99.50th=[  392], 99.90th=[  502], 99.95th=[  660],
     | 99.99th=[ 1221]
   bw (  KiB/s): min=152263, max=242543, per=100.00%, avg=211607.43, stdev=922.53, samples=11980
   iops        : min= 9515, max=15158, avg=13224.41, stdev=57.69, samples=11980
  lat (usec)   : 100=2.16%, 250=22.86%, 500=53.59%, 750=18.78%, 1000=2.51%
  lat (msec)   : 2=0.09%, 4=0.02%, 10=0.01%, 20=0.01%, 50=0.01%
  cpu          : usr=2.05%, sys=5.87%, ctx=15872456, majf=0, minf=4889
  IO depths    : 1=100.0%, 2=0.0%, 4=0.0%, 8=0.0%, 16=0.0%, 32=0.0%, >=64=0.0%
     submit    : 0=0.0%, 4=100.0%, 8=0.0%, 16=0.0%, 32=0.0%, 64=0.0%, >=64=0.0%
     complete  : 0=0.0%, 4=100.0%, 8=0.0%, 16=0.0%, 32=0.0%, 64=0.0%, >=64=0.0%
     issued rwts: total=7928005,7928033,0,0 short=0,0,0,0 dropped=0,0,0,0
     latency   : target=0, window=0, percentile=100.00%, depth=1

Run status group 0 (all jobs):
   READ: bw=206MiB/s (216MB/s), 206MiB/s-206MiB/s (216MB/s-216MB/s), io=121GiB (130GB), run=600001-600001msec
  WRITE: bw=206MiB/s (216MB/s), 206MiB/s-206MiB/s (216MB/s-216MB/s), io=121GiB (130GB), run=600001-600001msec

Disk stats (read/write):
  sdc: ios=7926496/7926316, merge=0/0, ticks=3860230/1781969, in_queue=5644325, util=100.00%
================== Data disk NO.1 End ====================


========= Data Disk NO.2 Read And Write Begin  2022-04-15 17:16:31 ==========
The Command Line ->>> ./tools/fio -filename=/dev/sdd -direct=1 -iodepth 1 -thread -rw=randrw -ioengine=psync -bs=16k -size=1G -numjobs=10 -runtime=600 -group_reporting -time_based -name=mytest_2

mytest_2: (g=0): rw=randrw, bs=(R) 16.0KiB-16.0KiB, (W) 16.0KiB-16.0KiB, (T) 16.0KiB-16.0KiB, ioengine=psync, iodepth=1
...
fio-3.20
Starting 10 threads

mytest_2: (groupid=0, jobs=10): err= 0: pid=79231: Fri Apr 15 17:26:32 2022
  read: IOPS=378, BW=6062KiB/s (6208kB/s)(3552MiB/600040msec)
    clat (usec): min=104, max=727385, avg=24136.48, stdev=50603.59
     lat (usec): min=104, max=727385, avg=24136.89, stdev=50603.59
    clat percentiles (usec):
     |  1.00th=[   204],  5.00th=[   330], 10.00th=[   400], 20.00th=[   701],
     | 30.00th=[  1254], 40.00th=[  1647], 50.00th=[  1926], 60.00th=[  2573],
     | 70.00th=[ 14353], 80.00th=[ 32375], 90.00th=[ 82314], 95.00th=[130548],
     | 99.00th=[240124], 99.50th=[291505], 99.90th=[396362], 99.95th=[446694],
     | 99.99th=[566232]
   bw (  KiB/s): min=  349, max=17120, per=100.00%, avg=6072.44, stdev=264.31, samples=11971
   iops        : min=   19, max= 1070, avg=378.27, stdev=16.53, samples=11971
  write: IOPS=378, BW=6060KiB/s (6205kB/s)(3551MiB/600040msec); 0 zone resets
    clat (usec): min=147, max=563240, avg=2240.84, stdev=11667.19
     lat (usec): min=147, max=563241, avg=2243.44, stdev=11667.20
    clat percentiles (usec):
     |  1.00th=[   194],  5.00th=[   219], 10.00th=[   235], 20.00th=[   262],
     | 30.00th=[   289], 40.00th=[   322], 50.00th=[   375], 60.00th=[   474],
     | 70.00th=[   660], 80.00th=[  1205], 90.00th=[  2008], 95.00th=[  7570],
     | 99.00th=[ 34341], 99.50th=[ 76022], 99.90th=[181404], 99.95th=[217056],
     | 99.99th=[316670]
   bw (  KiB/s): min=  313, max=18939, per=100.00%, avg=6085.15, stdev=313.33, samples=11942
   iops        : min=   13, max= 1183, avg=379.07, stdev=19.59, samples=11942
  lat (usec)   : 250=9.17%, 500=29.16%, 750=8.40%, 1000=4.16%
  lat (msec)   : 2=20.10%, 4=7.28%, 10=3.49%, 20=4.46%, 50=5.69%
  lat (msec)   : 100=4.04%, 250=3.61%, 500=0.43%, 750=0.01%
  cpu          : usr=0.11%, sys=0.21%, ctx=454629, majf=0, minf=431
  IO depths    : 1=100.0%, 2=0.0%, 4=0.0%, 8=0.0%, 16=0.0%, 32=0.0%, >=64=0.0%
     submit    : 0=0.0%, 4=100.0%, 8=0.0%, 16=0.0%, 32=0.0%, 64=0.0%, >=64=0.0%
     complete  : 0=0.0%, 4=100.0%, 8=0.0%, 16=0.0%, 32=0.0%, 64=0.0%, >=64=0.0%
     issued rwts: total=227353,227263,0,0 short=0,0,0,0 dropped=0,0,0,0
     latency   : target=0, window=0, percentile=100.00%, depth=1

Run status group 0 (all jobs):
   READ: bw=6062KiB/s (6208kB/s), 6062KiB/s-6062KiB/s (6208kB/s-6208kB/s), io=3552MiB (3725MB), run=600040-600040msec
  WRITE: bw=6060KiB/s (6205kB/s), 6060KiB/s-6060KiB/s (6205kB/s-6205kB/s), io=3551MiB (3723MB), run=600040-600040msec

Disk stats (read/write):
  sdd: ios=227387/227224, merge=0/0, ticks=5478821/503588, in_queue=5982832, util=100.00%
================== Data disk NO.2 End ====================


========= Data Disk NO.3 Read And Write Begin  2022-04-15 17:16:31 ==========
The Command Line ->>> ./tools/fio -filename=/dev/sde -direct=1 -iodepth 1 -thread -rw=randrw -ioengine=psync -bs=16k -size=1G -numjobs=10 -runtime=600 -group_reporting -time_based -name=mytest_3

mytest_3: (g=0): rw=randrw, bs=(R) 16.0KiB-16.0KiB, (W) 16.0KiB-16.0KiB, (T) 16.0KiB-16.0KiB, ioengine=psync, iodepth=1
...
fio-3.20
Starting 10 threads

mytest_3: (groupid=0, jobs=10): err= 0: pid=79221: Fri Apr 15 17:26:32 2022
  read: IOPS=378, BW=6058KiB/s (6203kB/s)(3550MiB/600043msec)
    clat (usec): min=101, max=912944, avg=24180.06, stdev=51155.45
     lat (usec): min=101, max=912945, avg=24180.39, stdev=51155.45
    clat percentiles (usec):
     |  1.00th=[   202],  5.00th=[   326], 10.00th=[   388], 20.00th=[   627],
     | 30.00th=[  1156], 40.00th=[  1549], 50.00th=[  1827], 60.00th=[  2474],
     | 70.00th=[ 14222], 80.00th=[ 32375], 90.00th=[ 82314], 95.00th=[131597],
     | 99.00th=[244319], 99.50th=[295699], 99.90th=[404751], 99.95th=[450888],
     | 99.99th=[566232]
   bw (  KiB/s): min=  316, max=16472, per=100.00%, avg=6065.55, stdev=264.78, samples=11973
   iops        : min=   16, max= 1028, avg=376.26, stdev=16.57, samples=11973
  write: IOPS=378, BW=6051KiB/s (6197kB/s)(3546MiB/600043msec); 0 zone resets
    clat (usec): min=151, max=526316, avg=2220.55, stdev=11569.16
     lat (usec): min=154, max=526317, avg=2223.06, stdev=11569.17
    clat percentiles (usec):
     |  1.00th=[   192],  5.00th=[   217], 10.00th=[   233], 20.00th=[   258],
     | 30.00th=[   285], 40.00th=[   318], 50.00th=[   367], 60.00th=[   465],
     | 70.00th=[   635], 80.00th=[  1172], 90.00th=[  1926], 95.00th=[  7635],
     | 99.00th=[ 34866], 99.50th=[ 71828], 99.90th=[175113], 99.95th=[217056],
     | 99.99th=[333448]
   bw (  KiB/s): min=  310, max=19407, per=100.00%, avg=6079.34, stdev=316.57, samples=11934
   iops        : min=   10, max= 1210, avg=377.12, stdev=19.80, samples=11934
  lat (usec)   : 250=9.75%, 500=29.81%, 750=8.46%, 1000=4.15%
  lat (msec)   : 2=20.12%, 4=6.05%, 10=3.39%, 20=4.44%, 50=5.76%
  lat (msec)   : 100=4.02%, 250=3.58%, 500=0.46%, 750=0.01%, 1000=0.01%
  cpu          : usr=0.09%, sys=0.19%, ctx=454156, majf=0, minf=321
  IO depths    : 1=100.0%, 2=0.0%, 4=0.0%, 8=0.0%, 16=0.0%, 32=0.0%, >=64=0.0%
     submit    : 0=0.0%, 4=100.0%, 8=0.0%, 16=0.0%, 32=0.0%, 64=0.0%, >=64=0.0%
     complete  : 0=0.0%, 4=100.0%, 8=0.0%, 16=0.0%, 32=0.0%, 64=0.0%, >=64=0.0%
     issued rwts: total=227183,226943,0,0 short=0,0,0,0 dropped=0,0,0,0
     latency   : target=0, window=0, percentile=100.00%, depth=1

Run status group 0 (all jobs):
   READ: bw=6058KiB/s (6203kB/s), 6058KiB/s-6058KiB/s (6203kB/s-6203kB/s), io=3550MiB (3722MB), run=600043-600043msec
  WRITE: bw=6051KiB/s (6197kB/s), 6051KiB/s-6051KiB/s (6197kB/s-6197kB/s), io=3546MiB (3718MB), run=600043-600043msec

Disk stats (read/write):
  sde: ios=227230/226918, merge=0/0, ticks=5485225/499691, in_queue=5985069, util=100.00%
================== Data disk NO.3 End ====================


=================  Begin Lan Stress Check 2022-04-15 17:16:31 =================
enp134s0f0: 08:c0:eb:52:51:e8
enp134s0f1: 08:c0:eb:52:51:e9
enp216s0f0: 08:c0:eb:52:55:58
enp216s0f1: 08:c0:eb:52:55:59
enp24s0f0: d8:5e:d3:49:df:fa
enp24s0f1: d8:5e:d3:49:df:fb
enp62s0f2: 2c:f0:5d:f1:14:ff
enp62s0f3: 2c:f0:5d:f1:15:00
->>> enp134s0f0:	Speed: 10000Mb/s
->>> enp134s0f1:	Speed: 10000Mb/s
->>> enp216s0f0:	Speed: 10000Mb/s
->>> enp216s0f1:	Speed: 10000Mb/s
->>> enp24s0f0:	Speed: 1000Mb/s
->>> enp24s0f1:	Speed: 1000Mb/s
->>> enp62s0f2:	Speed: 1000Mb/s
->>> enp62s0f3:	Speed: 1000Mb/s
->>> enp134s0f0 is link! Formal 
->>> enp134s0f1 is link! Formal 
->>> enp216s0f0 is link! Formal 
->>> enp216s0f1 is link! Formal 
->>> enp24s0f0 is link! Formal 
->>> enp24s0f1 is link! Formal 
->>> enp62s0f2 is link! Formal 
->>> enp62s0f3 is link! Formal 
=============== NO.1 Begin Network Speech Check  2022-04-15 17:17:14 =================
->>> enp134s0f0 speed is 9975Mb/s, Formal!
->>> enp134s0f1 speed is 9970Mb/s, Formal!
->>> enp216s0f0 speed is 9976Mb/s, Formal!
->>> enp216s0f1 speed is 9968Mb/s, Formal!
->>> enp24s0f0 speed is 997Mb/s, Formal!
->>> enp24s0f1 speed is 997Mb/s, Formal!
->>> enp62s0f2 speed is 997Mb/s, Formal!
->>> enp62s0f3 speed is 997Mb/s, Formal!
============================= NO.1 End  ==========================================
=============== NO.2 Begin Network Speech Check  2022-04-15 17:18:27 =================
->>> enp134s0f0 speed is 9771Mb/s, Formal!
->>> enp134s0f1 speed is 8007Mb/s, Formal!
->>> enp216s0f0 speed is 8008Mb/s, Formal!
->>> enp216s0f1 speed is 8741Mb/s, Formal!
->>> enp24s0f0 speed is 986Mb/s, Formal!
->>> enp24s0f1 speed is 958Mb/s, Formal!
->>> enp62s0f2 speed is 997Mb/s, Formal!
->>> enp62s0f3 speed is 983Mb/s, Formal!
============================= NO.2 End  ==========================================
=============== NO.3 Begin Network Speech Check  2022-04-15 17:19:22 =================
->>> enp134s0f0 speed is 7128Mb/s, Formal!
->>> enp134s0f1 speed is 8018Mb/s, Formal!
->>> enp216s0f0 speed is 6261Mb/s, Formal!
->>> enp216s0f1 speed is 8017Mb/s, Formal!
->>> enp24s0f0 speed is 997Mb/s, Formal!
->>> enp24s0f1 speed is 990Mb/s, Formal!
->>> enp62s0f2 speed is 995Mb/s, Formal!
->>> enp62s0f3 speed is 993Mb/s, Formal!
============================= NO.3 End  ==========================================
=============== NO.4 Begin Network Speech Check  2022-04-15 17:21:18 =================
->>> enp134s0f0 speed is 7083Mb/s, Formal!
->>> enp134s0f1 speed is 7074Mb/s, Formal!
->>> enp216s0f0 speed is 6990Mb/s, Formal!
->>> enp216s0f1 speed is 7208Mb/s, Formal!
->>> enp24s0f0 speed is 987Mb/s, Formal!
->>> enp24s0f1 speed is 995Mb/s, Formal!
->>> enp62s0f2 speed is 997Mb/s, Formal!
->>> enp62s0f3 speed is 997Mb/s, Formal!
============================= NO.4 End  ==========================================
=============== NO.5 Begin Network Speech Check  2022-04-15 17:22:35 =================
->>> enp134s0f0 speed is 8379Mb/s, Formal!
->>> enp134s0f1 speed is 8553Mb/s, Formal!
->>> enp216s0f0 speed is 8006Mb/s, Formal!
->>> enp216s0f1 speed is 6605Mb/s, Formal!
->>> enp24s0f0 speed is 988Mb/s, Formal!
->>> enp24s0f1 speed is 959Mb/s, Formal!
->>> enp62s0f2 speed is 997Mb/s, Formal!
->>> enp62s0f3 speed is 994Mb/s, Formal!
============================= NO.5 End  ==========================================
=============== NO.6 Begin Network Speech Check  2022-04-15 17:23:49 =================
->>> enp134s0f0 speed is 6741Mb/s, Formal!
->>> enp134s0f1 speed is 8372Mb/s, Formal!
->>> enp216s0f0 speed is 8018Mb/s, Formal!
->>> enp216s0f1 speed is 6865Mb/s, Formal!
->>> enp24s0f0 speed is 993Mb/s, Formal!
->>> enp24s0f1 speed is 997Mb/s, Formal!
->>> enp62s0f2 speed is 983Mb/s, Formal!
->>> enp62s0f3 speed is 987Mb/s, Formal!
============================= NO.6 End  ==========================================
=============== NO.7 Begin Network Speech Check  2022-04-15 17:26:03 =================
->>> enp134s0f0 speed is 6876Mb/s, Formal!
->>> enp134s0f1 speed is 8180Mb/s, Formal!
->>> enp216s0f0 speed is 6810Mb/s, Formal!
->>> enp216s0f1 speed is 8002Mb/s, Formal!
->>> enp24s0f0 speed is 970Mb/s, Formal!
->>> enp24s0f1 speed is 966Mb/s, Formal!
->>> enp62s0f2 speed is 980Mb/s, Formal!
->>> enp62s0f3 speed is 997Mb/s, Formal!
============================= NO.7 End  ==========================================


->>>[32m All Stress Check PASS ![0m 