=============  CPU MCE Check Begin  2022-04-15 14:01:30 ================
No Memory errors.

No PCIe AER errors.

No Extlog errors.
No MCE errors.
==============  CPU MCE Check End  2022-04-15 14:01:30 =================
->>>[32m  CPU MCE PASS [0m
=============  MEM ECC Check Begin  2022-04-15 14:01:30 ================
  10 | 04/15/2022 | 18:01:30 | Event Logging Disabled #0x27 | Log area reset/cleared | Asserted
==============  MEM ECC Check End  2022-04-15 14:01:30 =================
->>>[32m MEM ECC PASS [0m
=============  CPU MCE Check Begin  2022-04-15 16:04:07 ================
No Memory errors.

No PCIe AER errors.

No Extlog errors.
No MCE errors.
==============  CPU MCE Check End  2022-04-15 16:04:07 =================
->>>[32m  CPU MCE PASS [0m
=============  MEM ECC Check Begin  2022-04-15 16:04:07 ================
  11 | 04/15/2022 | 20:04:07 | Event Logging Disabled #0x27 | Log area reset/cleared | Asserted
==============  MEM ECC Check End  2022-04-15 16:04:07 =================
->>>[32m MEM ECC PASS [0m
